2025-06-29T19:49:24.235+08:00  INFO 26696 --- [mystia-canteen] [main] c.j.m.MystiaCanteenApplication           : Starting MystiaCanteenApplication using Java 19.0.1 with PID 26696 (D:\用户\桌面\期末大作业\Javaweb\mystiaCanteen\target\classes started by 17162 in D:\用户\桌面\期末大作业\Javaweb\mystiaCanteen)
2025-06-29T19:49:24.239+08:00 DEBUG 26696 --- [mystia-canteen] [main] c.j.m.MystiaCanteenApplication           : Running with Spring Boot v3.3.5, Spring v6.1.14
2025-06-29T19:49:24.239+08:00  INFO 26696 --- [mystia-canteen] [main] c.j.m.MystiaCanteenApplication           : No active profile set, falling back to 1 default profile: "default"
2025-06-29T19:49:25.282+08:00  INFO 26696 --- [mystia-canteen] [main] .s.d.r.c.RepositoryConfigurationDelegate : Multiple Spring Data modules found, entering strict repository configuration mode
2025-06-29T19:49:25.284+08:00  INFO 26696 --- [mystia-canteen] [main] .s.d.r.c.RepositoryConfigurationDelegate : Bootstrapping Spring Data Redis repositories in DEFAULT mode.
2025-06-29T19:49:25.313+08:00  INFO 26696 --- [mystia-canteen] [main] .s.d.r.c.RepositoryConfigurationDelegate : Finished Spring Data repository scanning in 16 ms. Found 0 Redis repository interfaces.
2025-06-29T19:49:25.860+08:00  INFO 26696 --- [mystia-canteen] [main] o.s.b.w.embedded.tomcat.TomcatWebServer  : Tomcat initialized with port 7078 (http)
2025-06-29T19:49:25.873+08:00  INFO 26696 --- [mystia-canteen] [main] o.apache.catalina.core.StandardService   : Starting service [Tomcat]
2025-06-29T19:49:25.873+08:00  INFO 26696 --- [mystia-canteen] [main] o.apache.catalina.core.StandardEngine    : Starting Servlet engine: [Apache Tomcat/10.1.31]
2025-06-29T19:49:25.935+08:00  INFO 26696 --- [mystia-canteen] [main] o.a.c.c.C.[Tomcat].[localhost].[/]       : Initializing Spring embedded WebApplicationContext
2025-06-29T19:49:25.935+08:00  INFO 26696 --- [mystia-canteen] [main] w.s.c.ServletWebServerApplicationContext : Root WebApplicationContext: initialization completed in 1663 ms
2025-06-29T19:49:26.585+08:00  WARN 26696 --- [mystia-canteen] [main] c.b.m.core.metadata.TableInfoHelper      : Can not find table primary key in Class: "com.javaweb.mystiacanteen.entity.Cart".
2025-06-29T19:49:26.585+08:00  WARN 26696 --- [mystia-canteen] [main] c.b.m.core.injector.DefaultSqlInjector   : class com.javaweb.mystiacanteen.entity.Cart ,Not found @TableId annotation, Cannot use Mybatis-Plus 'xxById' Method.
2025-06-29T19:49:26.628+08:00  WARN 26696 --- [mystia-canteen] [main] c.b.m.core.metadata.TableInfoHelper      : This primary key of "id" is primitive !不建议如此请使用包装类 in Class: "com.javaweb.mystiacanteen.entity.Order"
2025-06-29T19:49:26.633+08:00  WARN 26696 --- [mystia-canteen] [main] c.b.m.core.injector.methods.DeleteById   : [com.javaweb.mystiacanteen.mapper.OrderMapper.deleteById] Has been loaded by XML or SqlProvider or Mybatis's Annotation, so ignoring this injection for [class com.baomidou.mybatisplus.core.injector.methods.DeleteById]
2025-06-29T19:49:26.645+08:00  WARN 26696 --- [mystia-canteen] [main] c.b.m.core.metadata.TableInfoHelper      : This primary key of "id" is primitive !不建议如此请使用包装类 in Class: "com.javaweb.mystiacanteen.entity.TalkMessage"
2025-06-29T19:49:26.664+08:00  WARN 26696 --- [mystia-canteen] [main] c.b.m.core.metadata.TableInfoHelper      : Can not find table primary key in Class: "com.javaweb.mystiacanteen.entity.User".
2025-06-29T19:49:26.665+08:00  WARN 26696 --- [mystia-canteen] [main] c.b.m.core.injector.DefaultSqlInjector   : class com.javaweb.mystiacanteen.entity.User ,Not found @TableId annotation, Cannot use Mybatis-Plus 'xxById' Method.
2025-06-29T19:49:26.680+08:00  WARN 26696 --- [mystia-canteen] [main] c.b.m.core.metadata.TableInfoHelper      : This primary key of "id" is primitive !不建议如此请使用包装类 in Class: "com.javaweb.mystiacanteen.entity.IdentifyCode"
2025-06-29T19:49:27.016+08:00  INFO 26696 --- [mystia-canteen] [main] o.s.b.w.embedded.tomcat.TomcatWebServer  : Tomcat started on port 7078 (http) with context path '/'
2025-06-29T19:49:27.022+08:00  INFO 26696 --- [mystia-canteen] [main] c.j.m.MystiaCanteenApplication           : Started MystiaCanteenApplication in 3.068 seconds (process running for 3.71)
2025-06-29T19:49:27.052+08:00  INFO 26696 --- [mystia-canteen] [main] .s.b.a.l.ConditionEvaluationReportLogger : 

Error starting ApplicationContext. To display the condition evaluation report re-run your application with 'debug' enabled.
2025-06-29T19:49:27.052+08:00 ERROR 26696 --- [mystia-canteen] [scheduling-1] o.s.s.s.TaskUtils$LoggingErrorHandler    : Unexpected error occurred in scheduled task

org.springframework.data.redis.RedisConnectionFailureException: Cannot get Jedis connection
	at org.springframework.data.redis.connection.jedis.JedisConnectionFactory.fetchJedisConnector(JedisConnectionFactory.java:924) ~[spring-data-redis-3.3.5.jar:3.3.5]
	at org.springframework.data.redis.connection.jedis.JedisConnectionFactory.getConnection(JedisConnectionFactory.java:886) ~[spring-data-redis-3.3.5.jar:3.3.5]
	at org.springframework.data.redis.core.RedisConnectionUtils.fetchConnection(RedisConnectionUtils.java:195) ~[spring-data-redis-3.3.5.jar:3.3.5]
	at org.springframework.data.redis.core.RedisConnectionUtils.doGetConnection(RedisConnectionUtils.java:144) ~[spring-data-redis-3.3.5.jar:3.3.5]
	at org.springframework.data.redis.core.RedisConnectionUtils.getConnection(RedisConnectionUtils.java:105) ~[spring-data-redis-3.3.5.jar:3.3.5]
	at org.springframework.data.redis.core.RedisTemplate.execute(RedisTemplate.java:398) ~[spring-data-redis-3.3.5.jar:3.3.5]
	at org.springframework.data.redis.core.RedisTemplate.execute(RedisTemplate.java:378) ~[spring-data-redis-3.3.5.jar:3.3.5]
	at org.springframework.data.redis.core.RedisTemplate.doWithKeys(RedisTemplate.java:790) ~[spring-data-redis-3.3.5.jar:3.3.5]
	at org.springframework.data.redis.core.RedisTemplate.keys(RedisTemplate.java:643) ~[spring-data-redis-3.3.5.jar:3.3.5]
	at com.javaweb.mystiacanteen.task.CartSyncTask.syncCart(CartSyncTask.java:24) ~[classes/:na]
	at java.base/jdk.internal.reflect.DirectMethodHandleAccessor.invoke(DirectMethodHandleAccessor.java:104) ~[na:na]
	at java.base/java.lang.reflect.Method.invoke(Method.java:578) ~[na:na]
	at org.springframework.scheduling.support.ScheduledMethodRunnable.runInternal(ScheduledMethodRunnable.java:130) ~[spring-context-6.1.14.jar:6.1.14]
	at org.springframework.scheduling.support.ScheduledMethodRunnable.lambda$run$2(ScheduledMethodRunnable.java:124) ~[spring-context-6.1.14.jar:6.1.14]
	at io.micrometer.observation.Observation.observe(Observation.java:499) ~[micrometer-observation-1.13.6.jar:1.13.6]
	at org.springframework.scheduling.support.ScheduledMethodRunnable.run(ScheduledMethodRunnable.java:124) ~[spring-context-6.1.14.jar:6.1.14]
	at org.springframework.scheduling.support.DelegatingErrorHandlingRunnable.run(DelegatingErrorHandlingRunnable.java:54) ~[spring-context-6.1.14.jar:6.1.14]
	at java.base/java.util.concurrent.Executors$RunnableAdapter.call(Executors.java:577) ~[na:na]
	at java.base/java.util.concurrent.FutureTask.runAndReset(FutureTask.java:358) ~[na:na]
	at java.base/java.util.concurrent.ScheduledThreadPoolExecutor$ScheduledFutureTask.run(ScheduledThreadPoolExecutor.java:305) ~[na:na]
	at java.base/java.util.concurrent.ThreadPoolExecutor.runWorker(ThreadPoolExecutor.java:1144) ~[na:na]
	at java.base/java.util.concurrent.ThreadPoolExecutor$Worker.run(ThreadPoolExecutor.java:642) ~[na:na]
	at java.base/java.lang.Thread.run(Thread.java:1589) ~[na:na]
Caused by: redis.clients.jedis.exceptions.JedisConnectionException: Failed to connect to any host resolved for DNS name.
	at redis.clients.jedis.DefaultJedisSocketFactory.connectToFirstSuccessfulHost(DefaultJedisSocketFactory.java:63) ~[jedis-5.1.0.jar:na]
	at redis.clients.jedis.DefaultJedisSocketFactory.createSocket(DefaultJedisSocketFactory.java:89) ~[jedis-5.1.0.jar:na]
	at redis.clients.jedis.Connection.connect(Connection.java:194) ~[jedis-5.1.0.jar:na]
	at redis.clients.jedis.Connection.initializeFromClientConfig(Connection.java:392) ~[jedis-5.1.0.jar:na]
	at redis.clients.jedis.Connection.<init>(Connection.java:67) ~[jedis-5.1.0.jar:na]
	at redis.clients.jedis.Jedis.<init>(Jedis.java:220) ~[jedis-5.1.0.jar:na]
	at redis.clients.jedis.JedisFactory.makeObject(JedisFactory.java:170) ~[jedis-5.1.0.jar:na]
	at org.apache.commons.pool2.impl.GenericObjectPool.create(GenericObjectPool.java:566) ~[commons-pool2-2.12.0.jar:2.12.0]
	at org.apache.commons.pool2.impl.GenericObjectPool.borrowObject(GenericObjectPool.java:306) ~[commons-pool2-2.12.0.jar:2.12.0]
	at org.apache.commons.pool2.impl.GenericObjectPool.borrowObject(GenericObjectPool.java:233) ~[commons-pool2-2.12.0.jar:2.12.0]
	at redis.clients.jedis.util.Pool.getResource(Pool.java:38) ~[jedis-5.1.0.jar:na]
	at redis.clients.jedis.JedisPool.getResource(JedisPool.java:378) ~[jedis-5.1.0.jar:na]
	at redis.clients.jedis.JedisPool.getResource(JedisPool.java:17) ~[jedis-5.1.0.jar:na]
	at org.springframework.data.redis.connection.jedis.JedisConnectionFactory.fetchJedisConnector(JedisConnectionFactory.java:914) ~[spring-data-redis-3.3.5.jar:3.3.5]
	... 22 common frames omitted
	Suppressed: java.net.ConnectException: Connection refused: no further information
		at java.base/sun.nio.ch.Net.pollConnect(Native Method) ~[na:na]
		at java.base/sun.nio.ch.Net.pollConnectNow(Net.java:672) ~[na:na]
		at java.base/sun.nio.ch.NioSocketImpl.timedFinishConnect(NioSocketImpl.java:535) ~[na:na]
		at java.base/sun.nio.ch.NioSocketImpl.connect(NioSocketImpl.java:585) ~[na:na]
		at java.base/java.net.SocksSocketImpl.connect(SocksSocketImpl.java:327) ~[na:na]
		at java.base/java.net.Socket.connect(Socket.java:666) ~[na:na]
		at redis.clients.jedis.DefaultJedisSocketFactory.connectToFirstSuccessfulHost(DefaultJedisSocketFactory.java:75) ~[jedis-5.1.0.jar:na]
		... 35 common frames omitted
	Suppressed: java.net.ConnectException: Connection refused: no further information
		at java.base/sun.nio.ch.Net.pollConnect(Native Method) ~[na:na]
		at java.base/sun.nio.ch.Net.pollConnectNow(Net.java:672) ~[na:na]
		at java.base/sun.nio.ch.NioSocketImpl.timedFinishConnect(NioSocketImpl.java:535) ~[na:na]
		at java.base/sun.nio.ch.NioSocketImpl.connect(NioSocketImpl.java:585) ~[na:na]
		at java.base/java.net.SocksSocketImpl.connect(SocksSocketImpl.java:327) ~[na:na]
		at java.base/java.net.Socket.connect(Socket.java:666) ~[na:na]
		at redis.clients.jedis.DefaultJedisSocketFactory.connectToFirstSuccessfulHost(DefaultJedisSocketFactory.java:75) ~[jedis-5.1.0.jar:na]
		... 35 common frames omitted

2025-06-29T19:49:27.065+08:00 ERROR 26696 --- [mystia-canteen] [main] o.s.boot.SpringApplication               : Application run failed

org.springframework.data.redis.RedisConnectionFailureException: Cannot get Jedis connection
	at org.springframework.data.redis.connection.jedis.JedisConnectionFactory.fetchJedisConnector(JedisConnectionFactory.java:924) ~[spring-data-redis-3.3.5.jar:3.3.5]
	at org.springframework.data.redis.connection.jedis.JedisConnectionFactory.getConnection(JedisConnectionFactory.java:886) ~[spring-data-redis-3.3.5.jar:3.3.5]
	at org.springframework.data.redis.core.RedisConnectionUtils.fetchConnection(RedisConnectionUtils.java:195) ~[spring-data-redis-3.3.5.jar:3.3.5]
	at org.springframework.data.redis.core.RedisConnectionUtils.doGetConnection(RedisConnectionUtils.java:144) ~[spring-data-redis-3.3.5.jar:3.3.5]
	at org.springframework.data.redis.core.RedisConnectionUtils.getConnection(RedisConnectionUtils.java:105) ~[spring-data-redis-3.3.5.jar:3.3.5]
	at org.springframework.data.redis.core.RedisTemplate.execute(RedisTemplate.java:398) ~[spring-data-redis-3.3.5.jar:3.3.5]
	at org.springframework.data.redis.core.RedisTemplate.execute(RedisTemplate.java:378) ~[spring-data-redis-3.3.5.jar:3.3.5]
	at org.springframework.data.redis.core.AbstractOperations.execute(AbstractOperations.java:97) ~[spring-data-redis-3.3.5.jar:3.3.5]
	at org.springframework.data.redis.core.DefaultValueOperations.set(DefaultValueOperations.java:237) ~[spring-data-redis-3.3.5.jar:3.3.5]
	at com.javaweb.mystiacanteen.MystiaCanteenApplication.lambda$RedisRunner$0(MystiaCanteenApplication.java:46) ~[classes/:na]
	at org.springframework.boot.SpringApplication.lambda$callRunner$4(SpringApplication.java:786) ~[spring-boot-3.3.5.jar:3.3.5]
	at org.springframework.util.function.ThrowingConsumer$1.acceptWithException(ThrowingConsumer.java:83) ~[spring-core-6.1.14.jar:6.1.14]
	at org.springframework.util.function.ThrowingConsumer.accept(ThrowingConsumer.java:60) ~[spring-core-6.1.14.jar:6.1.14]
	at org.springframework.util.function.ThrowingConsumer$1.accept(ThrowingConsumer.java:88) ~[spring-core-6.1.14.jar:6.1.14]
	at org.springframework.boot.SpringApplication.callRunner(SpringApplication.java:798) ~[spring-boot-3.3.5.jar:3.3.5]
	at org.springframework.boot.SpringApplication.callRunner(SpringApplication.java:786) ~[spring-boot-3.3.5.jar:3.3.5]
	at org.springframework.boot.SpringApplication.lambda$callRunners$3(SpringApplication.java:774) ~[spring-boot-3.3.5.jar:3.3.5]
	at java.base/java.util.stream.ForEachOps$ForEachOp$OfRef.accept(ForEachOps.java:183) ~[na:na]
	at java.base/java.util.stream.SortedOps$SizedRefSortingSink.end(SortedOps.java:357) ~[na:na]
	at java.base/java.util.stream.AbstractPipeline.copyInto(AbstractPipeline.java:510) ~[na:na]
	at java.base/java.util.stream.AbstractPipeline.wrapAndCopyInto(AbstractPipeline.java:499) ~[na:na]
	at java.base/java.util.stream.ForEachOps$ForEachOp.evaluateSequential(ForEachOps.java:150) ~[na:na]
	at java.base/java.util.stream.ForEachOps$ForEachOp$OfRef.evaluateSequential(ForEachOps.java:173) ~[na:na]
	at java.base/java.util.stream.AbstractPipeline.evaluate(AbstractPipeline.java:234) ~[na:na]
	at java.base/java.util.stream.ReferencePipeline.forEach(ReferencePipeline.java:596) ~[na:na]
	at org.springframework.boot.SpringApplication.callRunners(SpringApplication.java:774) ~[spring-boot-3.3.5.jar:3.3.5]
	at org.springframework.boot.SpringApplication.run(SpringApplication.java:342) ~[spring-boot-3.3.5.jar:3.3.5]
	at org.springframework.boot.SpringApplication.run(SpringApplication.java:1363) ~[spring-boot-3.3.5.jar:3.3.5]
	at org.springframework.boot.SpringApplication.run(SpringApplication.java:1352) ~[spring-boot-3.3.5.jar:3.3.5]
	at com.javaweb.mystiacanteen.MystiaCanteenApplication.main(MystiaCanteenApplication.java:23) ~[classes/:na]
Caused by: redis.clients.jedis.exceptions.JedisConnectionException: Failed to connect to any host resolved for DNS name.
	at redis.clients.jedis.DefaultJedisSocketFactory.connectToFirstSuccessfulHost(DefaultJedisSocketFactory.java:63) ~[jedis-5.1.0.jar:na]
	at redis.clients.jedis.DefaultJedisSocketFactory.createSocket(DefaultJedisSocketFactory.java:89) ~[jedis-5.1.0.jar:na]
	at redis.clients.jedis.Connection.connect(Connection.java:194) ~[jedis-5.1.0.jar:na]
	at redis.clients.jedis.Connection.initializeFromClientConfig(Connection.java:392) ~[jedis-5.1.0.jar:na]
	at redis.clients.jedis.Connection.<init>(Connection.java:67) ~[jedis-5.1.0.jar:na]
	at redis.clients.jedis.Jedis.<init>(Jedis.java:220) ~[jedis-5.1.0.jar:na]
	at redis.clients.jedis.JedisFactory.makeObject(JedisFactory.java:170) ~[jedis-5.1.0.jar:na]
	at org.apache.commons.pool2.impl.GenericObjectPool.create(GenericObjectPool.java:566) ~[commons-pool2-2.12.0.jar:2.12.0]
	at org.apache.commons.pool2.impl.GenericObjectPool.borrowObject(GenericObjectPool.java:306) ~[commons-pool2-2.12.0.jar:2.12.0]
	at org.apache.commons.pool2.impl.GenericObjectPool.borrowObject(GenericObjectPool.java:233) ~[commons-pool2-2.12.0.jar:2.12.0]
	at redis.clients.jedis.util.Pool.getResource(Pool.java:38) ~[jedis-5.1.0.jar:na]
	at redis.clients.jedis.JedisPool.getResource(JedisPool.java:378) ~[jedis-5.1.0.jar:na]
	at redis.clients.jedis.JedisPool.getResource(JedisPool.java:17) ~[jedis-5.1.0.jar:na]
	at org.springframework.data.redis.connection.jedis.JedisConnectionFactory.fetchJedisConnector(JedisConnectionFactory.java:914) ~[spring-data-redis-3.3.5.jar:3.3.5]
	... 29 common frames omitted
	Suppressed: java.net.ConnectException: Connection refused: no further information
		at java.base/sun.nio.ch.Net.pollConnect(Native Method) ~[na:na]
		at java.base/sun.nio.ch.Net.pollConnectNow(Net.java:672) ~[na:na]
		at java.base/sun.nio.ch.NioSocketImpl.timedFinishConnect(NioSocketImpl.java:535) ~[na:na]
		at java.base/sun.nio.ch.NioSocketImpl.connect(NioSocketImpl.java:585) ~[na:na]
		at java.base/java.net.SocksSocketImpl.connect(SocksSocketImpl.java:327) ~[na:na]
		at java.base/java.net.Socket.connect(Socket.java:666) ~[na:na]
		at redis.clients.jedis.DefaultJedisSocketFactory.connectToFirstSuccessfulHost(DefaultJedisSocketFactory.java:75) ~[jedis-5.1.0.jar:na]
		... 42 common frames omitted
	Suppressed: java.net.ConnectException: Connection refused: no further information
		at java.base/sun.nio.ch.Net.pollConnect(Native Method) ~[na:na]
		at java.base/sun.nio.ch.Net.pollConnectNow(Net.java:672) ~[na:na]
		at java.base/sun.nio.ch.NioSocketImpl.timedFinishConnect(NioSocketImpl.java:535) ~[na:na]
		at java.base/sun.nio.ch.NioSocketImpl.connect(NioSocketImpl.java:585) ~[na:na]
		at java.base/java.net.SocksSocketImpl.connect(SocksSocketImpl.java:327) ~[na:na]
		at java.base/java.net.Socket.connect(Socket.java:666) ~[na:na]
		at redis.clients.jedis.DefaultJedisSocketFactory.connectToFirstSuccessfulHost(DefaultJedisSocketFactory.java:75) ~[jedis-5.1.0.jar:na]
		... 42 common frames omitted

2025-06-29T19:53:02.897+08:00  INFO 26188 --- [mystia-canteen] [main] c.j.m.MystiaCanteenApplication           : Starting MystiaCanteenApplication using Java 19.0.1 with PID 26188 (D:\用户\桌面\期末大作业\Javaweb\mystiaCanteen\target\classes started by 17162 in D:\用户\桌面\期末大作业\Javaweb\mystiaCanteen)
2025-06-29T19:53:02.898+08:00 DEBUG 26188 --- [mystia-canteen] [main] c.j.m.MystiaCanteenApplication           : Running with Spring Boot v3.3.5, Spring v6.1.14
2025-06-29T19:53:02.899+08:00  INFO 26188 --- [mystia-canteen] [main] c.j.m.MystiaCanteenApplication           : No active profile set, falling back to 1 default profile: "default"
2025-06-29T19:53:03.355+08:00  INFO 26188 --- [mystia-canteen] [main] .s.d.r.c.RepositoryConfigurationDelegate : Multiple Spring Data modules found, entering strict repository configuration mode
2025-06-29T19:53:03.356+08:00  INFO 26188 --- [mystia-canteen] [main] .s.d.r.c.RepositoryConfigurationDelegate : Bootstrapping Spring Data Redis repositories in DEFAULT mode.
2025-06-29T19:53:03.381+08:00  INFO 26188 --- [mystia-canteen] [main] .s.d.r.c.RepositoryConfigurationDelegate : Finished Spring Data repository scanning in 14 ms. Found 0 Redis repository interfaces.
2025-06-29T19:53:03.807+08:00  INFO 26188 --- [mystia-canteen] [main] o.s.b.w.embedded.tomcat.TomcatWebServer  : Tomcat initialized with port 7078 (http)
2025-06-29T19:53:03.817+08:00  INFO 26188 --- [mystia-canteen] [main] o.apache.catalina.core.StandardService   : Starting service [Tomcat]
2025-06-29T19:53:03.817+08:00  INFO 26188 --- [mystia-canteen] [main] o.apache.catalina.core.StandardEngine    : Starting Servlet engine: [Apache Tomcat/10.1.31]
2025-06-29T19:53:03.847+08:00  INFO 26188 --- [mystia-canteen] [main] o.a.c.c.C.[Tomcat].[localhost].[/]       : Initializing Spring embedded WebApplicationContext
2025-06-29T19:53:03.847+08:00  INFO 26188 --- [mystia-canteen] [main] w.s.c.ServletWebServerApplicationContext : Root WebApplicationContext: initialization completed in 921 ms
2025-06-29T19:53:04.438+08:00  WARN 26188 --- [mystia-canteen] [main] c.b.m.core.metadata.TableInfoHelper      : Can not find table primary key in Class: "com.javaweb.mystiacanteen.entity.Cart".
2025-06-29T19:53:04.438+08:00  WARN 26188 --- [mystia-canteen] [main] c.b.m.core.injector.DefaultSqlInjector   : class com.javaweb.mystiacanteen.entity.Cart ,Not found @TableId annotation, Cannot use Mybatis-Plus 'xxById' Method.
2025-06-29T19:53:04.496+08:00  WARN 26188 --- [mystia-canteen] [main] c.b.m.core.metadata.TableInfoHelper      : This primary key of "id" is primitive !不建议如此请使用包装类 in Class: "com.javaweb.mystiacanteen.entity.Order"
2025-06-29T19:53:04.499+08:00  WARN 26188 --- [mystia-canteen] [main] c.b.m.core.injector.methods.DeleteById   : [com.javaweb.mystiacanteen.mapper.OrderMapper.deleteById] Has been loaded by XML or SqlProvider or Mybatis's Annotation, so ignoring this injection for [class com.baomidou.mybatisplus.core.injector.methods.DeleteById]
2025-06-29T19:53:04.516+08:00  WARN 26188 --- [mystia-canteen] [main] c.b.m.core.metadata.TableInfoHelper      : This primary key of "id" is primitive !不建议如此请使用包装类 in Class: "com.javaweb.mystiacanteen.entity.TalkMessage"
2025-06-29T19:53:04.534+08:00  WARN 26188 --- [mystia-canteen] [main] c.b.m.core.metadata.TableInfoHelper      : Can not find table primary key in Class: "com.javaweb.mystiacanteen.entity.User".
2025-06-29T19:53:04.534+08:00  WARN 26188 --- [mystia-canteen] [main] c.b.m.core.injector.DefaultSqlInjector   : class com.javaweb.mystiacanteen.entity.User ,Not found @TableId annotation, Cannot use Mybatis-Plus 'xxById' Method.
2025-06-29T19:53:04.543+08:00  WARN 26188 --- [mystia-canteen] [main] c.b.m.core.metadata.TableInfoHelper      : This primary key of "id" is primitive !不建议如此请使用包装类 in Class: "com.javaweb.mystiacanteen.entity.IdentifyCode"
2025-06-29T19:53:04.880+08:00  INFO 26188 --- [mystia-canteen] [main] o.s.b.w.embedded.tomcat.TomcatWebServer  : Tomcat started on port 7078 (http) with context path '/'
2025-06-29T19:53:04.889+08:00  INFO 26188 --- [mystia-canteen] [main] c.j.m.MystiaCanteenApplication           : Started MystiaCanteenApplication in 2.314 seconds (process running for 2.683)
